<?xml version="1.0" encoding="UTF-8"?>
<testng-results skipped="0" failed="0" ignored="0" total="1" passed="1">
  <reporter-output>
  </reporter-output>
  <suite name="Employees Test" duration-ms="53277" started-at="2020-10-16T15:22:40 YEKT" finished-at="2020-10-16T15:23:34 YEKT">
    <groups>
    </groups>
    <test name="Employees Test" duration-ms="53277" started-at="2020-10-16T15:22:40 YEKT" finished-at="2020-10-16T15:23:34 YEKT">
      <class name="test.FirstTest">
        <test-method status="PASS" signature="setUp()[pri:0, instance:test.FirstTest@3153ddfc]" name="setUp" is-config="true" duration-ms="8713" started-at="2020-10-16T15:22:40 YEKT" finished-at="2020-10-16T15:22:49 YEKT">
          <reporter-output>
          </reporter-output>
        </test-method> <!-- setUp -->
        <test-method status="PASS" signature="someTest()[pri:0, instance:test.FirstTest@3153ddfc]" name="someTest" duration-ms="44146" started-at="2020-10-16T15:22:49 YEKT" finished-at="2020-10-16T15:23:33 YEKT">
          <reporter-output>
          </reporter-output>
        </test-method> <!-- someTest -->
        <test-method status="PASS" signature="cleanUp()[pri:0, instance:test.FirstTest@3153ddfc]" name="cleanUp" is-config="true" duration-ms="2" started-at="2020-10-16T15:23:34 YEKT" finished-at="2020-10-16T15:23:34 YEKT">
          <reporter-output>
          </reporter-output>
        </test-method> <!-- cleanUp -->
      </class> <!-- test.FirstTest -->
    </test> <!-- Employees Test -->
  </suite> <!-- Employees Test -->
</testng-results>
