<?xml version="1.0" encoding="UTF-8"?>
<testng-results ignored="0" total="1" passed="1" failed="0" skipped="0">
  <reporter-output>
  </reporter-output>
  <suite started-at="2020-09-28T14:53:00 YEKT" name="Employees Test" finished-at="2020-09-28T14:54:38 YEKT" duration-ms="97719">
    <groups>
    </groups>
    <test started-at="2020-09-28T14:53:00 YEKT" name="Employees Test" finished-at="2020-09-28T14:54:38 YEKT" duration-ms="97719">
      <class name="test.FirstTest">
        <test-method is-config="true" signature="setUp()[pri:0, instance:test.FirstTest@6075b2d3]" started-at="2020-09-28T14:53:00 YEKT" name="setUp" finished-at="2020-09-28T14:53:10 YEKT" duration-ms="9388" status="PASS">
          <reporter-output>
          </reporter-output>
        </test-method> <!-- setUp -->
        <test-method signature="someTest()[pri:0, instance:test.FirstTest@6075b2d3]" started-at="2020-09-28T14:53:10 YEKT" name="someTest" finished-at="2020-09-28T14:54:33 YEKT" duration-ms="83521" status="PASS">
          <reporter-output>
          </reporter-output>
        </test-method> <!-- someTest -->
        <test-method is-config="true" signature="cleanUp()[pri:0, instance:test.FirstTest@6075b2d3]" started-at="2020-09-28T14:54:34 YEKT" name="cleanUp" finished-at="2020-09-28T14:54:38 YEKT" duration-ms="4137" status="PASS">
          <reporter-output>
          </reporter-output>
        </test-method> <!-- cleanUp -->
      </class> <!-- test.FirstTest -->
    </test> <!-- Employees Test -->
  </suite> <!-- Employees Test -->
</testng-results>
